-------------------------------------------------------------------------------
Test set: com.jerae.jsecurity.listeners.VanishListenerTest
-------------------------------------------------------------------------------
Tests run: 2, Failures: 0, Errors: 2, Skipped: 0, Time elapsed: 2.367 s <<< FAILURE! -- in com.jerae.jsecurity.listeners.VanishListenerTest
com.jerae.jsecurity.listeners.VanishListenerTest.onPlayerQuit_VanishedPlayerWithoutSilentQuitPermission_QuitMessageIsNotNull -- Time elapsed: 2.314 s <<< ERROR!
org.mockito.exceptions.misusing.NotAMockException:

Argument passed to verify() is of type PlayerQuitEvent and is not a mock!
Make sure you place the parenthesis correctly!
See the examples of correct verifications:
    verify(mock).someMethod();
    verify(mock, times(10)).someMethod();
    verify(mock, atLeastOnce()).someMethod();
	at com.jerae.jsecurity.listeners.VanishListenerTest.onPlayerQuit_VanishedPlayerWithoutSilentQuitPermission_QuitMessageIsNotNull(VanishListenerTest.java:61)
	at java.base/java.lang.reflect.Method.invoke(Method.java:580)
	at java.base/java.util.ArrayList.forEach(ArrayList.java:1596)
	at java.base/java.util.ArrayList.forEach(ArrayList.java:1596)

com.jerae.jsecurity.listeners.VanishListenerTest.onPlayerQuit_VanishedPlayerWithSilentQuitPermission_QuitMessageIsNull -- Time elapsed: 0.008 s <<< ERROR!
org.mockito.exceptions.misusing.NotAMockException:

Argument passed to verify() is of type PlayerQuitEvent and is not a mock!
Make sure you place the parenthesis correctly!
See the examples of correct verifications:
    verify(mock).someMethod();
    verify(mock, times(10)).someMethod();
    verify(mock, atLeastOnce()).someMethod();
	at com.jerae.jsecurity.listeners.VanishListenerTest.onPlayerQuit_VanishedPlayerWithSilentQuitPermission_QuitMessageIsNull(VanishListenerTest.java:47)
	at java.base/java.lang.reflect.Method.invoke(Method.java:580)
	at java.base/java.util.ArrayList.forEach(ArrayList.java:1596)
	at java.base/java.util.ArrayList.forEach(ArrayList.java:1596)
