<?xml version="1.0" encoding="UTF-8"?>
<testsuite xmlns:xsi="http://www.w3.org/2001/XMLSchema-instance" xsi:noNamespaceSchemaLocation="https://maven.apache.org/surefire/maven-surefire-plugin/xsd/surefire-test-report-3.0.xsd" version="3.0" name="com.jerae.jsecurity.managers.AuthManagerTest" time="3.229" tests="5" errors="5" skipped="0" failures="0">
  <properties>
[...]
</properties>
  <testcase name="testHandlePlayerJoin_SessionReconnectMessage" classname="com.jerae.jsecurity.managers.AuthManagerTest" time="3.109">
    <error message="io.papermc.paper.registry.RegistryAccess: Provider org.mockbukkit.mockbukkit.registry.RegistryAccessMock could not be instantiated" type="java.util.ServiceConfigurationError"><![CDATA[java.util.ServiceConfigurationError: io.papermc.paper.registry.RegistryAccess: Provider org.mockbukkit.mockbukkit.registry.RegistryAccessMock could not be instantiated
	at java.base/java.util.ServiceLoader.fail(ServiceLoader.java:586)
	at java.base/java.util.ServiceLoader$ProviderImpl.newInstance(ServiceLoader.java:813)
	at java.base/java.util.ServiceLoader$ProviderImpl.get(ServiceLoader.java:729)
	at java.base/java.util.ServiceLoader$3.next(ServiceLoader.java:1403)
	at java.base/java.util.ServiceLoader.findFirst(ServiceLoader.java:1813)
	at io.papermc.paper.registry.RegistryAccessHolder.<clinit>(RegistryAccessHolder.java:8)
	at io.papermc.paper.registry.RegistryAccess.registryAccess(RegistryAccess.java:24)
	at org.bukkit.Registry.legacyRegistryFor(Registry.java:67)
	at org.bukkit.Registry.<clinit>(Registry.java:97)
	at org.bukkit.Material.lambda$new$0(Material.java:2777)
	at com.google.common.base.Suppliers$NonSerializableMemoizingSupplier.get(Suppliers.java:200)
	at org.bukkit.Material.asItemType(Material.java:3641)
	at org.bukkit.inventory.ItemStack.of(ItemStack.java:63)
	at org.bukkit.inventory.ItemStack.<init>(ItemStack.java:159)
	at org.bukkit.inventory.ItemStack.<init>(ItemStack.java:138)
	at org.bukkit.inventory.ItemStack.<init>(ItemStack.java:125)
	at org.bukkit.inventory.ItemStack.<init>(ItemStack.java:108)
	at com.jerae.jsecurity.managers.AuthManagerTest.setUp(AuthManagerTest.java:45)
	at java.base/java.lang.reflect.Method.invoke(Method.java:580)
	at java.base/java.util.ArrayList.forEach(ArrayList.java:1596)
	at java.base/java.util.ArrayList.forEach(ArrayList.java:1596)
Caused by: java.lang.ExceptionInInitializerError
	at java.base/jdk.internal.misc.Unsafe.ensureClassInitialized0(Native Method)
	at java.base/jdk.internal.misc.Unsafe.ensureClassInitialized(Unsafe.java:1160)
	at java.base/jdk.internal.reflect.MethodHandleAccessorFactory.ensureClassInitialized(MethodHandleAccessorFactory.java:300)
	at java.base/jdk.internal.reflect.MethodHandleAccessorFactory.newConstructorAccessor(MethodHandleAccessorFactory.java:103)
	at java.base/jdk.internal.reflect.ReflectionFactory.newConstructorAccessor(ReflectionFactory.java:200)
	at java.base/java.lang.reflect.Constructor.acquireConstructorAccessor(Constructor.java:549)
	at java.base/java.lang.reflect.Constructor.newInstanceWithCaller(Constructor.java:499)
	at java.base/java.lang.reflect.Constructor.newInstance(Constructor.java:486)
	at java.base/java.util.ServiceLoader$ProviderImpl.newInstance(ServiceLoader.java:789)
	... 19 more
Caused by: java.lang.NullPointerException: Cannot invoke "com.google.gson.JsonElement.getAsString()" because the return value of "com.google.gson.JsonObject.get(String)" is null
	at org.mockbukkit.mockbukkit.registry.RegistryAccessMock.createClassToKeyConversions(RegistryAccessMock.java:135)
	at org.mockbukkit.mockbukkit.registry.RegistryAccessMock.<clinit>(RegistryAccessMock.java:35)
	... 28 more
]]></error>
    <system-err><![CDATA[WARNING: A Java agent has been loaded dynamically (/home/jules/.m2/repository/net/bytebuddy/byte-buddy-agent/1.14.11/byte-buddy-agent-1.14.11.jar)
WARNING: If a serviceability tool is in use, please run with -XX:+EnableDynamicAgentLoading to hide this warning
WARNING: If a serviceability tool is not in use, please run with -Djdk.instrument.traceUsage for more information
WARNING: Dynamic loading of agents will be disallowed by default in a future release
]]></system-err>
  </testcase>
  <testcase name="testUnregister" classname="com.jerae.jsecurity.managers.AuthManagerTest" time="0.011">
    <error message="&#10;Unfinished stubbing detected here:&#10;-&gt; at com.jerae.jsecurity.managers.AuthManagerTest.setUp(AuthManagerTest.java:45)&#10;&#10;E.g. thenReturn() may be missing.&#10;Examples of correct stubbing:&#10;    when(mock.isOk()).thenReturn(true);&#10;    when(mock.isOk()).thenThrow(exception);&#10;    doThrow(exception).when(mock).someVoidMethod();&#10;Hints:&#10; 1. missing thenReturn()&#10; 2. you are trying to stub a final method, which is not supported&#10; 3. you are stubbing the behaviour of another mock inside before &apos;thenReturn&apos; instruction is completed&#10;" type="org.mockito.exceptions.misusing.UnfinishedStubbingException"><![CDATA[org.mockito.exceptions.misusing.UnfinishedStubbingException:

Unfinished stubbing detected here:
-> at com.jerae.jsecurity.managers.AuthManagerTest.setUp(AuthManagerTest.java:45)

E.g. thenReturn() may be missing.
Examples of correct stubbing:
    when(mock.isOk()).thenReturn(true);
    when(mock.isOk()).thenThrow(exception);
    doThrow(exception).when(mock).someVoidMethod();
Hints:
 1. missing thenReturn()
 2. you are trying to stub a final method, which is not supported
 3. you are stubbing the behaviour of another mock inside before 'thenReturn' instruction is completed

	at com.jerae.jsecurity.managers.AuthManagerTest.setUp(AuthManagerTest.java:42)
	at java.base/java.lang.reflect.Method.invoke(Method.java:580)
	at java.base/java.util.ArrayList.forEach(ArrayList.java:1596)
	at java.base/java.util.ArrayList.forEach(ArrayList.java:1596)
]]></error>
  </testcase>
  <testcase name="testLoginPlayer" classname="com.jerae.jsecurity.managers.AuthManagerTest" time="0.006">
    <error message="Could not initialize class org.bukkit.Registry" type="java.lang.NoClassDefFoundError"><![CDATA[java.lang.NoClassDefFoundError: Could not initialize class org.bukkit.Registry
	at org.bukkit.Material.lambda$new$0(Material.java:2777)
	at com.google.common.base.Suppliers$NonSerializableMemoizingSupplier.get(Suppliers.java:200)
	at org.bukkit.Material.asItemType(Material.java:3641)
	at org.bukkit.inventory.ItemStack.of(ItemStack.java:63)
	at org.bukkit.inventory.ItemStack.<init>(ItemStack.java:159)
	at org.bukkit.inventory.ItemStack.<init>(ItemStack.java:138)
	at org.bukkit.inventory.ItemStack.<init>(ItemStack.java:125)
	at org.bukkit.inventory.ItemStack.<init>(ItemStack.java:108)
	at com.jerae.jsecurity.managers.AuthManagerTest.setUp(AuthManagerTest.java:45)
	at java.base/java.lang.reflect.Method.invoke(Method.java:580)
	at java.base/java.util.ArrayList.forEach(ArrayList.java:1596)
	at java.base/java.util.ArrayList.forEach(ArrayList.java:1596)
Caused by: java.lang.ExceptionInInitializerError: Exception java.util.ServiceConfigurationError: io.papermc.paper.registry.RegistryAccess: Provider org.mockbukkit.mockbukkit.registry.RegistryAccessMock could not be instantiated [in thread "main"]
	at java.base/java.util.ServiceLoader.fail(ServiceLoader.java:586)
	at java.base/java.util.ServiceLoader$ProviderImpl.newInstance(ServiceLoader.java:813)
	at java.base/java.util.ServiceLoader$ProviderImpl.get(ServiceLoader.java:729)
	at java.base/java.util.ServiceLoader$3.next(ServiceLoader.java:1403)
	at java.base/java.util.ServiceLoader.findFirst(ServiceLoader.java:1813)
	at io.papermc.paper.registry.RegistryAccessHolder.<clinit>(RegistryAccessHolder.java:8)
	at io.papermc.paper.registry.RegistryAccess.registryAccess(RegistryAccess.java:24)
	at org.bukkit.Registry.legacyRegistryFor(Registry.java:67)
	at org.bukkit.Registry.<clinit>(Registry.java:97)
	... 12 more
]]></error>
  </testcase>
  <testcase name="testHandlePlayerJoin_AuthEnabled" classname="com.jerae.jsecurity.managers.AuthManagerTest" time="0.003">
    <error message="&#10;Unfinished stubbing detected here:&#10;-&gt; at com.jerae.jsecurity.managers.AuthManagerTest.setUp(AuthManagerTest.java:45)&#10;&#10;E.g. thenReturn() may be missing.&#10;Examples of correct stubbing:&#10;    when(mock.isOk()).thenReturn(true);&#10;    when(mock.isOk()).thenThrow(exception);&#10;    doThrow(exception).when(mock).someVoidMethod();&#10;Hints:&#10; 1. missing thenReturn()&#10; 2. you are trying to stub a final method, which is not supported&#10; 3. you are stubbing the behaviour of another mock inside before &apos;thenReturn&apos; instruction is completed&#10;" type="org.mockito.exceptions.misusing.UnfinishedStubbingException"><![CDATA[org.mockito.exceptions.misusing.UnfinishedStubbingException:

Unfinished stubbing detected here:
-> at com.jerae.jsecurity.managers.AuthManagerTest.setUp(AuthManagerTest.java:45)

E.g. thenReturn() may be missing.
Examples of correct stubbing:
    when(mock.isOk()).thenReturn(true);
    when(mock.isOk()).thenThrow(exception);
    doThrow(exception).when(mock).someVoidMethod();
Hints:
 1. missing thenReturn()
 2. you are trying to stub a final method, which is not supported
 3. you are stubbing the behaviour of another mock inside before 'thenReturn' instruction is completed

	at com.jerae.jsecurity.managers.AuthManagerTest.setUp(AuthManagerTest.java:42)
	at java.base/java.lang.reflect.Method.invoke(Method.java:580)
	at java.base/java.util.ArrayList.forEach(ArrayList.java:1596)
	at java.base/java.util.ArrayList.forEach(ArrayList.java:1596)
]]></error>
  </testcase>
  <testcase name="testSessionReconnection" classname="com.jerae.jsecurity.managers.AuthManagerTest" time="0.033">
    <error message="Could not initialize class org.bukkit.Registry" type="java.lang.NoClassDefFoundError"><![CDATA[java.lang.NoClassDefFoundError: Could not initialize class org.bukkit.Registry
	at org.bukkit.Material.lambda$new$0(Material.java:2777)
	at com.google.common.base.Suppliers$NonSerializableMemoizingSupplier.get(Suppliers.java:200)
	at org.bukkit.Material.asItemType(Material.java:3641)
	at org.bukkit.inventory.ItemStack.of(ItemStack.java:63)
	at org.bukkit.inventory.ItemStack.<init>(ItemStack.java:159)
	at org.bukkit.inventory.ItemStack.<init>(ItemStack.java:138)
	at org.bukkit.inventory.ItemStack.<init>(ItemStack.java:125)
	at org.bukkit.inventory.ItemStack.<init>(ItemStack.java:108)
	at com.jerae.jsecurity.managers.AuthManagerTest.setUp(AuthManagerTest.java:45)
	at java.base/java.lang.reflect.Method.invoke(Method.java:580)
	at java.base/java.util.ArrayList.forEach(ArrayList.java:1596)
	at java.base/java.util.ArrayList.forEach(ArrayList.java:1596)
Caused by: java.lang.ExceptionInInitializerError: Exception java.util.ServiceConfigurationError: io.papermc.paper.registry.RegistryAccess: Provider org.mockbukkit.mockbukkit.registry.RegistryAccessMock could not be instantiated [in thread "main"]
	at java.base/java.util.ServiceLoader.fail(ServiceLoader.java:586)
	at java.base/java.util.ServiceLoader$ProviderImpl.newInstance(ServiceLoader.java:813)
	at java.base/java.util.ServiceLoader$ProviderImpl.get(ServiceLoader.java:729)
	at java.base/java.util.ServiceLoader$3.next(ServiceLoader.java:1403)
	at java.base/java.util.ServiceLoader.findFirst(ServiceLoader.java:1813)
	at io.papermc.paper.registry.RegistryAccessHolder.<clinit>(RegistryAccessHolder.java:8)
	at io.papermc.paper.registry.RegistryAccess.registryAccess(RegistryAccess.java:24)
	at org.bukkit.Registry.legacyRegistryFor(Registry.java:67)
	at org.bukkit.Registry.<clinit>(Registry.java:97)
	... 12 more
]]></error>
  </testcase>
</testsuite>